<?xml version="1.0" encoding="UTF-8"?>
<!-- Generated by org.testng.reporters.JUnitXMLReporter -->
<testsuite ignored="2" hostname="Akshay" failures="0" tests="5" name="Sanity Tests(failed)" time="10.43" errors="0" timestamp="2024-10-22T20:59:54 IST">
  <testcase classname="com.opencart.testcases.MyAccountTest" name="verifyMyAccountMenuOptionTest" time="0.28"/>
  <testcase classname="com.opencart.testcases.MyAccountTest" name="performProductSearchTest" time="0.787"/>
  <testcase classname="com.opencart.testcases.MyAccountTest" name="performProductSearchTest" time="0.912"/>
  <testcase classname="com.opencart.testcases.MyAccountTest" name="performProductSearchTest" time="0.845"/>
  <testcase classname="com.opencart.testcases.LoginTest" name="verifyLogin" time="1.338"/>
  <testcase classname="com.opencart.testcases.MyAccountTest" name="verifyMyAccountHeaderList" time="0.0">
    <ignored/>
  </testcase> <!-- verifyMyAccountHeaderList -->
  <testcase classname="com.opencart.testcases.MyAccountTest" name="verifyBrokenLinksInMyAccountPageTest" time="0.0">
    <ignored/>
  </testcase> <!-- verifyBrokenLinksInMyAccountPageTest -->
</testsuite> <!-- Sanity Tests(failed) -->
