<?xml version="1.0" encoding="UTF-8"?>
<!-- Generated by org.testng.reporters.JUnitXMLReporter -->
<testsuite ignored="1" hostname="Akshay" failures="0" tests="4" name="Regression Tests" time="7.164" errors="0" timestamp="2024-11-07T12:36:42 IST">
  <testcase classname="com.opencart.testcases.HomePageTest" name="verifyOpenCartLogoTest" time="0.092"/>
  <testcase classname="com.opencart.testcases.HomePageTest" name="verifyFeaturedCardsCountTest" time="0.021"/>
  <testcase classname="com.opencart.testcases.HomePageTest" name="navigateToRegistrationPageTest" time="0.592"/>
  <testcase classname="com.opencart.testcases.LoginTest" name="verifyLogin" time="1.127"/>
  <testcase classname="com.opencart.testcases.HomePageTest" name="verifyOpenCartPageTitleTest" time="0.0">
    <ignored/>
  </testcase> <!-- verifyOpenCartPageTitleTest -->
</testsuite> <!-- Regression Tests -->
