<?xml version="1.0" encoding="UTF-8"?>
<!-- Generated by org.testng.reporters.JUnitXMLReporter -->
<testsuite ignored="4" hostname="Akshay" failures="0" tests="14" name="Functional Tests" time="34.777" errors="0" timestamp="2024-10-22T21:50:14 IST">
  <testcase classname="com.opencart.testcases.HomePageTest" name="navigateToRegistrationPageTest" time="0.521"/>
  <testcase classname="com.opencart.testcases.RegistrationTest" name="verifyAccountRegistrationWithEmailId" time="2.685"/>
  <testcase classname="com.opencart.testcases.RegistrationTest" name="verifyAccountRegistration" time="1.462"/>
  <testcase classname="com.opencart.testcases.RegistrationTest" name="verifyPasswordMismatchErrorMessage" time="1.838"/>
  <testcase classname="com.opencart.testcases.RegistrationTest" name="verifyPrivacyPolicyNotSelectedErrorMessageTest" time="1.527"/>
  <testcase classname="com.opencart.testcases.RegistrationTest" name="verifyPrivacyPolicyPopupDisplayedTest" time="0.625"/>
  <testcase classname="com.opencart.testcases.LoginTest" name="verifyLogin" time="1.424"/>
  <testcase classname="com.opencart.testcases.ForgotPasswordTest" name="verifyForgetPasswordWithRegisteredEmailTest" time="2.036"/>
  <testcase classname="com.opencart.testcases.ForgotPasswordTest" name="verifyForgetPasswordWithNon_RegisteredEmailTest" time="1.029"/>
  <testcase classname="com.opencart.testcases.MyAccountTest" name="verifyMyAccountHeaderList" time="0.107"/>
  <testcase classname="com.opencart.testcases.MyAccountTest" name="verifyMyAccountMenuOptionTest" time="0.265"/>
  <testcase classname="com.opencart.testcases.MyAccountTest" name="performProductSearchTest" time="0.755"/>
  <testcase classname="com.opencart.testcases.MyAccountTest" name="performProductSearchTest" time="0.782"/>
  <testcase classname="com.opencart.testcases.MyAccountTest" name="performProductSearchTest" time="1.288"/>
  <testcase classname="com.opencart.testcases.HomePageTest" name="verifyFeaturedCardsCountTest" time="0.0">
    <ignored/>
  </testcase> <!-- verifyFeaturedCardsCountTest -->
  <testcase classname="com.opencart.testcases.HomePageTest" name="verifyOpenCartLogoTest" time="0.0">
    <ignored/>
  </testcase> <!-- verifyOpenCartLogoTest -->
  <testcase classname="com.opencart.testcases.HomePageTest" name="verifyOpenCartPageTitleTest" time="0.0">
    <ignored/>
  </testcase> <!-- verifyOpenCartPageTitleTest -->
  <testcase classname="com.opencart.testcases.MyAccountTest" name="verifyBrokenLinksInMyAccountPageTest" time="0.0">
    <ignored/>
  </testcase> <!-- verifyBrokenLinksInMyAccountPageTest -->
</testsuite> <!-- Functional Tests -->
