<?xml version="1.0" encoding="UTF-8"?>
<!-- Generated by org.testng.reporters.JUnitXMLReporter -->
<testsuite ignored="2" hostname="Akshay" failures="0" tests="21" name="Regression Tests" time="40.924" errors="0" timestamp="2024-11-07T12:33:47 IST">
  <testcase classname="com.opencart.testcases.HomePageTest" name="verifyOpenCartLogoTest" time="0.079"/>
  <testcase classname="com.opencart.testcases.HomePageTest" name="verifyFeaturedCardsCountTest" time="0.018"/>
  <testcase classname="com.opencart.testcases.HomePageTest" name="navigateToRegistrationPageTest" time="0.682"/>
  <testcase classname="com.opencart.testcases.LoginTest" name="verifyLogin" time="1.19"/>
  <testcase classname="com.opencart.testcases.RegistrationTest" name="verifyAccountRegistrationWithEmailId" time="2.122"/>
  <testcase classname="com.opencart.testcases.RegistrationTest" name="verifyAccountRegistration" time="1.209"/>
  <testcase classname="com.opencart.testcases.RegistrationTest" name="verifyPasswordMismatchErrorMessage" time="1.119"/>
  <testcase classname="com.opencart.testcases.RegistrationTest" name="verifyPrivacyPolicyNotSelectedErrorMessageTest" time="0.999"/>
  <testcase classname="com.opencart.testcases.RegistrationTest" name="verifyPrivacyPolicyPopupDisplayedTest" time="0.271"/>
  <testcase classname="com.opencart.testcases.LoginDataDrivenTest" name="verifyLogin" time="1.773"/>
  <testcase classname="com.opencart.testcases.LoginDataDrivenTest" name="verifyLogin" time="0.943"/>
  <testcase classname="com.opencart.testcases.LoginDataDrivenTest" name="verifyLogin" time="0.914"/>
  <testcase classname="com.opencart.testcases.LoginDataDrivenTest" name="verifyLogin" time="1.455"/>
  <testcase classname="com.opencart.testcases.LoginDataDrivenTest" name="verifyLogin" time="1.13"/>
  <testcase classname="com.opencart.testcases.ForgotPasswordTest" name="verifyForgetPasswordWithRegisteredEmailTest" time="1.442"/>
  <testcase classname="com.opencart.testcases.ForgotPasswordTest" name="verifyForgetPasswordWithNon_RegisteredEmailTest" time="0.748"/>
  <testcase classname="com.opencart.testcases.MyAccountTest" name="verifyMyAccountHeaderList" time="0.116"/>
  <testcase classname="com.opencart.testcases.MyAccountTest" name="verifyMyAccountMenuOptionTest" time="0.295"/>
  <testcase classname="com.opencart.testcases.MyAccountTest" name="performProductSearchTest" time="0.832"/>
  <testcase classname="com.opencart.testcases.MyAccountTest" name="performProductSearchTest" time="0.691"/>
  <testcase classname="com.opencart.testcases.MyAccountTest" name="performProductSearchTest" time="0.713"/>
  <testcase classname="com.opencart.testcases.HomePageTest" name="verifyOpenCartPageTitleTest" time="0.0">
    <ignored/>
  </testcase> <!-- verifyOpenCartPageTitleTest -->
  <testcase classname="com.opencart.testcases.MyAccountTest" name="verifyBrokenLinksInMyAccountPageTest" time="0.0">
    <ignored/>
  </testcase> <!-- verifyBrokenLinksInMyAccountPageTest -->
</testsuite> <!-- Regression Tests -->
