<?xml version="1.0" encoding="UTF-8"?>
<!-- Generated by org.testng.reporters.JUnitXMLReporter -->
<testsuite ignored="2" hostname="Akshay" failures="0" tests="16" name="Regression Tests" time="33.704" errors="0" timestamp="2024-11-08T18:03:06 IST">
  <testcase classname="com.opencart.testcases.HomePageTest" name="verifyOpenCartLogoTest" time="0.092"/>
  <testcase classname="com.opencart.testcases.HomePageTest" name="verifyFeaturedCardsCountTest" time="0.028"/>
  <testcase classname="com.opencart.testcases.HomePageTest" name="navigateToRegistrationPageTest" time="0.701"/>
  <testcase classname="com.opencart.testcases.LoginTest" name="verifyLogin" time="1.293"/>
  <testcase classname="com.opencart.testcases.RegistrationTest" name="verifyAccountRegistrationWithEmailId" time="2.514"/>
  <testcase classname="com.opencart.testcases.RegistrationTest" name="verifyAccountRegistration" time="1.273"/>
  <testcase classname="com.opencart.testcases.RegistrationTest" name="verifyPasswordMismatchErrorMessage" time="1.107"/>
  <testcase classname="com.opencart.testcases.RegistrationTest" name="verifyPrivacyPolicyNotSelectedErrorMessageTest" time="1.143"/>
  <testcase classname="com.opencart.testcases.RegistrationTest" name="verifyPrivacyPolicyPopupDisplayedTest" time="0.347"/>
  <testcase classname="com.opencart.testcases.ForgotPasswordTest" name="verifyForgetPasswordWithRegisteredEmailTest" time="1.633"/>
  <testcase classname="com.opencart.testcases.ForgotPasswordTest" name="verifyForgetPasswordWithNon_RegisteredEmailTest" time="0.873"/>
  <testcase classname="com.opencart.testcases.MyAccountTest" name="verifyMyAccountHeaderList" time="0.092"/>
  <testcase classname="com.opencart.testcases.MyAccountTest" name="verifyMyAccountMenuOptionTest" time="0.237"/>
  <testcase classname="com.opencart.testcases.MyAccountTest" name="performProductSearchTest" time="1.131"/>
  <testcase classname="com.opencart.testcases.MyAccountTest" name="performProductSearchTest" time="1.195"/>
  <testcase classname="com.opencart.testcases.MyAccountTest" name="performProductSearchTest" time="0.78"/>
  <testcase classname="com.opencart.testcases.HomePageTest" name="verifyOpenCartPageTitleTest" time="0.0">
    <ignored/>
  </testcase> <!-- verifyOpenCartPageTitleTest -->
  <testcase classname="com.opencart.testcases.MyAccountTest" name="verifyBrokenLinksInMyAccountPageTest" time="0.0">
    <ignored/>
  </testcase> <!-- verifyBrokenLinksInMyAccountPageTest -->
</testsuite> <!-- Regression Tests -->
