<?xml version="1.0" encoding="UTF-8"?>
<!-- Generated by org.testng.reporters.JUnitXMLReporter -->
<testsuite ignored="9" hostname="Akshay" failures="0" tests="9" name="Sanity Tests" time="21.143" errors="0" timestamp="2024-10-25T13:18:46 IST">
  <testcase classname="com.opencart.testcases.HomePageTest" name="verifyFeaturedCardsCountTest" time="0.033"/>
  <testcase classname="com.opencart.testcases.HomePageTest" name="navigateToRegistrationPageTest" time="0.656"/>
  <testcase classname="com.opencart.testcases.RegistrationTest" name="verifyAccountRegistrationWithEmailId" time="2.044"/>
  <testcase classname="com.opencart.testcases.LoginTest" name="verifyLogin" time="1.046"/>
  <testcase classname="com.opencart.testcases.ForgotPasswordTest" name="verifyForgetPasswordWithRegisteredEmailTest" time="1.229"/>
  <testcase classname="com.opencart.testcases.MyAccountTest" name="verifyMyAccountMenuOptionTest" time="0.282"/>
  <testcase classname="com.opencart.testcases.MyAccountTest" name="performProductSearchTest" time="0.726"/>
  <testcase classname="com.opencart.testcases.MyAccountTest" name="performProductSearchTest" time="0.696"/>
  <testcase classname="com.opencart.testcases.MyAccountTest" name="performProductSearchTest" time="0.712"/>
  <testcase classname="com.opencart.testcases.RegistrationTest" name="verifyAccountRegistration" time="0.0">
    <ignored/>
  </testcase> <!-- verifyAccountRegistration -->
  <testcase classname="com.opencart.testcases.RegistrationTest" name="verifyPrivacyPolicyPopupDisplayedTest" time="0.0">
    <ignored/>
  </testcase> <!-- verifyPrivacyPolicyPopupDisplayedTest -->
  <testcase classname="com.opencart.testcases.RegistrationTest" name="verifyPasswordMismatchErrorMessage" time="0.0">
    <ignored/>
  </testcase> <!-- verifyPasswordMismatchErrorMessage -->
  <testcase classname="com.opencart.testcases.HomePageTest" name="verifyOpenCartLogoTest" time="0.0">
    <ignored/>
  </testcase> <!-- verifyOpenCartLogoTest -->
  <testcase classname="com.opencart.testcases.RegistrationTest" name="verifyPrivacyPolicyNotSelectedErrorMessageTest" time="0.0">
    <ignored/>
  </testcase> <!-- verifyPrivacyPolicyNotSelectedErrorMessageTest -->
  <testcase classname="com.opencart.testcases.MyAccountTest" name="verifyMyAccountHeaderList" time="0.0">
    <ignored/>
  </testcase> <!-- verifyMyAccountHeaderList -->
  <testcase classname="com.opencart.testcases.HomePageTest" name="verifyOpenCartPageTitleTest" time="0.0">
    <ignored/>
  </testcase> <!-- verifyOpenCartPageTitleTest -->
  <testcase classname="com.opencart.testcases.ForgotPasswordTest" name="verifyForgetPasswordWithNon_RegisteredEmailTest" time="0.0">
    <ignored/>
  </testcase> <!-- verifyForgetPasswordWithNon_RegisteredEmailTest -->
  <testcase classname="com.opencart.testcases.MyAccountTest" name="verifyBrokenLinksInMyAccountPageTest" time="0.0">
    <ignored/>
  </testcase> <!-- verifyBrokenLinksInMyAccountPageTest -->
</testsuite> <!-- Sanity Tests -->
