<?xml version="1.0" encoding="UTF-8"?>
<!-- Generated by org.testng.reporters.JUnitXMLReporter -->
<testsuite ignored="0" hostname="Akshay" failures="0" tests="22" name="Test" time="79.546" errors="0" timestamp="2024-10-18T17:52:28 IST">
  <testcase classname="com.opencart.testcases.HomePageTest" name="verifyOpenCartLogoTest" time="0.091"/>
  <testcase classname="com.opencart.testcases.HomePageTest" name="verifyOpenCartPageTitleTest" time="0.012"/>
  <testcase classname="com.opencart.testcases.HomePageTest" name="verifyFeaturedCardsCountTest" time="0.017"/>
  <testcase classname="com.opencart.testcases.HomePageTest" name="navigateToRegistrationPageTest" time="0.995"/>
  <testcase classname="com.opencart.testcases.RegistrationTest" name="verifyAccountRegistrationWithEmailId" time="5.269"/>
  <testcase classname="com.opencart.testcases.RegistrationTest" name="verifyAccountRegistration" time="3.486"/>
  <testcase classname="com.opencart.testcases.RegistrationTest" name="verifyPasswordMismatchErrorMessage" time="2.976"/>
  <testcase classname="com.opencart.testcases.RegistrationTest" name="verifyPrivacyPolicyNotSelectedErrorMessageTest" time="2.041"/>
  <testcase classname="com.opencart.testcases.RegistrationTest" name="verifyPrivacyPolicyPopupDisplayedTest" time="0.741"/>
  <testcase classname="com.opencart.testcases.LoginTest" name="verifyLogin" time="2.235"/>
  <testcase classname="com.opencart.testcases.LoginDataDrivenTest" name="verifyLogin" time="3.902"/>
  <testcase classname="com.opencart.testcases.LoginDataDrivenTest" name="verifyLogin" time="1.191"/>
  <testcase classname="com.opencart.testcases.LoginDataDrivenTest" name="verifyLogin" time="1.132"/>
  <testcase classname="com.opencart.testcases.LoginDataDrivenTest" name="verifyLogin" time="2.918"/>
  <testcase classname="com.opencart.testcases.LoginDataDrivenTest" name="verifyLogin" time="1.56"/>
  <testcase classname="com.opencart.testcases.ForgotPasswordTest" name="verifyForgetPasswordWithRegisteredEmailTest" time="3.556"/>
  <testcase classname="com.opencart.testcases.ForgotPasswordTest" name="verifyForgetPasswordWithNon_RegisteredEmailTest" time="2.057"/>
  <testcase classname="com.opencart.testcases.MyAccountTest" name="verifyMyAccountHeaderList" time="0.086"/>
  <testcase classname="com.opencart.testcases.MyAccountTest" name="verifyMyAccountMenuOptionTest" time="0.228"/>
  <testcase classname="com.opencart.testcases.MyAccountTest" name="performProductSearchTest" time="2.671"/>
  <testcase classname="com.opencart.testcases.MyAccountTest" name="performProductSearchTest" time="3.753"/>
  <testcase classname="com.opencart.testcases.MyAccountTest" name="performProductSearchTest" time="3.535"/>
</testsuite> <!-- Test -->
