<?xml version="1.0" encoding="UTF-8"?>
<!-- Generated by org.testng.reporters.JUnitXMLReporter -->
<testsuite ignored="0" hostname="Akshay" failures="0" tests="5" name="linux-chrome" time="21.897" errors="0" timestamp="2024-10-25T19:58:52 IST">
  <testcase classname="com.opencart.testcases.RegistrationTest" name="verifyAccountRegistrationWithEmailId" time="4.266"/>
  <testcase classname="com.opencart.testcases.RegistrationTest" name="verifyAccountRegistration" time="3.159"/>
  <testcase classname="com.opencart.testcases.RegistrationTest" name="verifyPasswordMismatchErrorMessage" time="2.592"/>
  <testcase classname="com.opencart.testcases.RegistrationTest" name="verifyPrivacyPolicyNotSelectedErrorMessageTest" time="2.434"/>
  <testcase classname="com.opencart.testcases.RegistrationTest" name="verifyPrivacyPolicyPopupDisplayedTest" time="0.647"/>
</testsuite> <!-- linux-chrome -->
