<?xml version="1.0" encoding="UTF-8"?>
<testng-results ignored="2" total="23" passed="21" failed="0" skipped="0">
  <reporter-output>
  </reporter-output>
  <suite started-at="2024-11-07T12:33:06 IST" name="Opencart Test Suite" finished-at="2024-11-07T12:33:47 IST" duration-ms="40924">
    <groups>
      <group name="functional">
        <method signature="ForgotPasswordTest.verifyForgetPasswordWithNon_RegisteredEmailTest()[pri:2, instance:com.opencart.testcases.ForgotPasswordTest@5b8dfcc1]" name="verifyForgetPasswordWithNon_RegisteredEmailTest" class="com.opencart.testcases.ForgotPasswordTest"/>
        <method signature="ForgotPasswordTest.verifyForgetPasswordWithRegisteredEmailTest()[pri:1, instance:com.opencart.testcases.ForgotPasswordTest@5b8dfcc1]" name="verifyForgetPasswordWithRegisteredEmailTest" class="com.opencart.testcases.ForgotPasswordTest"/>
        <method signature="HomePageTest.navigateToRegistrationPageTest()[pri:4, instance:com.opencart.testcases.HomePageTest@131774fe]" name="navigateToRegistrationPageTest" class="com.opencart.testcases.HomePageTest"/>
        <method signature="LoginDataDrivenTest.verifyLogin(java.lang.String,java.lang.String,java.lang.String,java.lang.String)[pri:0, instance:com.opencart.testcases.LoginDataDrivenTest@1a482e36]" name="verifyLogin" class="com.opencart.testcases.LoginDataDrivenTest"/>
        <method signature="LoginTest.verifyLogin()[pri:0, instance:com.opencart.testcases.LoginTest@6adbc9d]" name="verifyLogin" class="com.opencart.testcases.LoginTest"/>
        <method signature="MyAccountTest.performProductSearchTest(java.lang.String)[pri:3, instance:com.opencart.testcases.MyAccountTest@747ddf94]" name="performProductSearchTest" class="com.opencart.testcases.MyAccountTest"/>
        <method signature="MyAccountTest.verifyMyAccountHeaderList()[pri:1, instance:com.opencart.testcases.MyAccountTest@747ddf94]" name="verifyMyAccountHeaderList" class="com.opencart.testcases.MyAccountTest"/>
        <method signature="MyAccountTest.verifyMyAccountMenuOptionTest()[pri:2, instance:com.opencart.testcases.MyAccountTest@747ddf94]" name="verifyMyAccountMenuOptionTest" class="com.opencart.testcases.MyAccountTest"/>
        <method signature="RegistrationTest.verifyAccountRegistration()[pri:2, instance:com.opencart.testcases.RegistrationTest@4ec4f3a0]" name="verifyAccountRegistration" class="com.opencart.testcases.RegistrationTest"/>
        <method signature="RegistrationTest.verifyAccountRegistrationWithEmailId()[pri:1, instance:com.opencart.testcases.RegistrationTest@4ec4f3a0]" name="verifyAccountRegistrationWithEmailId" class="com.opencart.testcases.RegistrationTest"/>
        <method signature="RegistrationTest.verifyPasswordMismatchErrorMessage()[pri:3, instance:com.opencart.testcases.RegistrationTest@4ec4f3a0]" name="verifyPasswordMismatchErrorMessage" class="com.opencart.testcases.RegistrationTest"/>
        <method signature="RegistrationTest.verifyPrivacyPolicyNotSelectedErrorMessageTest()[pri:4, instance:com.opencart.testcases.RegistrationTest@4ec4f3a0]" name="verifyPrivacyPolicyNotSelectedErrorMessageTest" class="com.opencart.testcases.RegistrationTest"/>
        <method signature="RegistrationTest.verifyPrivacyPolicyPopupDisplayedTest()[pri:5, instance:com.opencart.testcases.RegistrationTest@4ec4f3a0]" name="verifyPrivacyPolicyPopupDisplayedTest" class="com.opencart.testcases.RegistrationTest"/>
      </group> <!-- functional -->
      <group name="regression">
        <method signature="ForgotPasswordTest.verifyForgetPasswordWithNon_RegisteredEmailTest()[pri:2, instance:com.opencart.testcases.ForgotPasswordTest@5b8dfcc1]" name="verifyForgetPasswordWithNon_RegisteredEmailTest" class="com.opencart.testcases.ForgotPasswordTest"/>
        <method signature="ForgotPasswordTest.verifyForgetPasswordWithRegisteredEmailTest()[pri:1, instance:com.opencart.testcases.ForgotPasswordTest@5b8dfcc1]" name="verifyForgetPasswordWithRegisteredEmailTest" class="com.opencart.testcases.ForgotPasswordTest"/>
        <method signature="HomePageTest.navigateToRegistrationPageTest()[pri:4, instance:com.opencart.testcases.HomePageTest@131774fe]" name="navigateToRegistrationPageTest" class="com.opencart.testcases.HomePageTest"/>
        <method signature="HomePageTest.verifyFeaturedCardsCountTest()[pri:3, instance:com.opencart.testcases.HomePageTest@131774fe]" name="verifyFeaturedCardsCountTest" class="com.opencart.testcases.HomePageTest"/>
        <method signature="HomePageTest.verifyOpenCartLogoTest()[pri:1, instance:com.opencart.testcases.HomePageTest@131774fe]" name="verifyOpenCartLogoTest" class="com.opencart.testcases.HomePageTest"/>
        <method signature="LoginDataDrivenTest.verifyLogin(java.lang.String,java.lang.String,java.lang.String,java.lang.String)[pri:0, instance:com.opencart.testcases.LoginDataDrivenTest@1a482e36]" name="verifyLogin" class="com.opencart.testcases.LoginDataDrivenTest"/>
        <method signature="LoginTest.verifyLogin()[pri:0, instance:com.opencart.testcases.LoginTest@6adbc9d]" name="verifyLogin" class="com.opencart.testcases.LoginTest"/>
        <method signature="MyAccountTest.performProductSearchTest(java.lang.String)[pri:3, instance:com.opencart.testcases.MyAccountTest@747ddf94]" name="performProductSearchTest" class="com.opencart.testcases.MyAccountTest"/>
        <method signature="MyAccountTest.verifyMyAccountHeaderList()[pri:1, instance:com.opencart.testcases.MyAccountTest@747ddf94]" name="verifyMyAccountHeaderList" class="com.opencart.testcases.MyAccountTest"/>
        <method signature="MyAccountTest.verifyMyAccountMenuOptionTest()[pri:2, instance:com.opencart.testcases.MyAccountTest@747ddf94]" name="verifyMyAccountMenuOptionTest" class="com.opencart.testcases.MyAccountTest"/>
        <method signature="RegistrationTest.verifyAccountRegistration()[pri:2, instance:com.opencart.testcases.RegistrationTest@4ec4f3a0]" name="verifyAccountRegistration" class="com.opencart.testcases.RegistrationTest"/>
        <method signature="RegistrationTest.verifyAccountRegistrationWithEmailId()[pri:1, instance:com.opencart.testcases.RegistrationTest@4ec4f3a0]" name="verifyAccountRegistrationWithEmailId" class="com.opencart.testcases.RegistrationTest"/>
        <method signature="RegistrationTest.verifyPasswordMismatchErrorMessage()[pri:3, instance:com.opencart.testcases.RegistrationTest@4ec4f3a0]" name="verifyPasswordMismatchErrorMessage" class="com.opencart.testcases.RegistrationTest"/>
        <method signature="RegistrationTest.verifyPrivacyPolicyNotSelectedErrorMessageTest()[pri:4, instance:com.opencart.testcases.RegistrationTest@4ec4f3a0]" name="verifyPrivacyPolicyNotSelectedErrorMessageTest" class="com.opencart.testcases.RegistrationTest"/>
        <method signature="RegistrationTest.verifyPrivacyPolicyPopupDisplayedTest()[pri:5, instance:com.opencart.testcases.RegistrationTest@4ec4f3a0]" name="verifyPrivacyPolicyPopupDisplayedTest" class="com.opencart.testcases.RegistrationTest"/>
      </group> <!-- regression -->
      <group name="sanity">
        <method signature="ForgotPasswordTest.verifyForgetPasswordWithRegisteredEmailTest()[pri:1, instance:com.opencart.testcases.ForgotPasswordTest@5b8dfcc1]" name="verifyForgetPasswordWithRegisteredEmailTest" class="com.opencart.testcases.ForgotPasswordTest"/>
        <method signature="HomePageTest.navigateToRegistrationPageTest()[pri:4, instance:com.opencart.testcases.HomePageTest@131774fe]" name="navigateToRegistrationPageTest" class="com.opencart.testcases.HomePageTest"/>
        <method signature="HomePageTest.verifyFeaturedCardsCountTest()[pri:3, instance:com.opencart.testcases.HomePageTest@131774fe]" name="verifyFeaturedCardsCountTest" class="com.opencart.testcases.HomePageTest"/>
        <method signature="LoginTest.verifyLogin()[pri:0, instance:com.opencart.testcases.LoginTest@6adbc9d]" name="verifyLogin" class="com.opencart.testcases.LoginTest"/>
        <method signature="MyAccountTest.performProductSearchTest(java.lang.String)[pri:3, instance:com.opencart.testcases.MyAccountTest@747ddf94]" name="performProductSearchTest" class="com.opencart.testcases.MyAccountTest"/>
        <method signature="MyAccountTest.verifyMyAccountMenuOptionTest()[pri:2, instance:com.opencart.testcases.MyAccountTest@747ddf94]" name="verifyMyAccountMenuOptionTest" class="com.opencart.testcases.MyAccountTest"/>
        <method signature="RegistrationTest.verifyAccountRegistrationWithEmailId()[pri:1, instance:com.opencart.testcases.RegistrationTest@4ec4f3a0]" name="verifyAccountRegistrationWithEmailId" class="com.opencart.testcases.RegistrationTest"/>
      </group> <!-- sanity -->
      <group name="forgot password">
        <method signature="ForgotPasswordTest.verifyForgetPasswordWithNon_RegisteredEmailTest()[pri:2, instance:com.opencart.testcases.ForgotPasswordTest@5b8dfcc1]" name="verifyForgetPasswordWithNon_RegisteredEmailTest" class="com.opencart.testcases.ForgotPasswordTest"/>
        <method signature="ForgotPasswordTest.verifyForgetPasswordWithRegisteredEmailTest()[pri:1, instance:com.opencart.testcases.ForgotPasswordTest@5b8dfcc1]" name="verifyForgetPasswordWithRegisteredEmailTest" class="com.opencart.testcases.ForgotPasswordTest"/>
      </group> <!-- forgot password -->
      <group name="registration">
        <method signature="RegistrationTest.verifyAccountRegistration()[pri:2, instance:com.opencart.testcases.RegistrationTest@4ec4f3a0]" name="verifyAccountRegistration" class="com.opencart.testcases.RegistrationTest"/>
        <method signature="RegistrationTest.verifyAccountRegistrationWithEmailId()[pri:1, instance:com.opencart.testcases.RegistrationTest@4ec4f3a0]" name="verifyAccountRegistrationWithEmailId" class="com.opencart.testcases.RegistrationTest"/>
        <method signature="RegistrationTest.verifyPasswordMismatchErrorMessage()[pri:3, instance:com.opencart.testcases.RegistrationTest@4ec4f3a0]" name="verifyPasswordMismatchErrorMessage" class="com.opencart.testcases.RegistrationTest"/>
        <method signature="RegistrationTest.verifyPrivacyPolicyNotSelectedErrorMessageTest()[pri:4, instance:com.opencart.testcases.RegistrationTest@4ec4f3a0]" name="verifyPrivacyPolicyNotSelectedErrorMessageTest" class="com.opencart.testcases.RegistrationTest"/>
        <method signature="RegistrationTest.verifyPrivacyPolicyPopupDisplayedTest()[pri:5, instance:com.opencart.testcases.RegistrationTest@4ec4f3a0]" name="verifyPrivacyPolicyPopupDisplayedTest" class="com.opencart.testcases.RegistrationTest"/>
      </group> <!-- registration -->
      <group name="login">
        <method signature="LoginDataDrivenTest.verifyLogin(java.lang.String,java.lang.String,java.lang.String,java.lang.String)[pri:0, instance:com.opencart.testcases.LoginDataDrivenTest@1a482e36]" name="verifyLogin" class="com.opencart.testcases.LoginDataDrivenTest"/>
        <method signature="LoginTest.verifyLogin()[pri:0, instance:com.opencart.testcases.LoginTest@6adbc9d]" name="verifyLogin" class="com.opencart.testcases.LoginTest"/>
      </group> <!-- login -->
      <group name="my account">
        <method signature="MyAccountTest.performProductSearchTest(java.lang.String)[pri:3, instance:com.opencart.testcases.MyAccountTest@747ddf94]" name="performProductSearchTest" class="com.opencart.testcases.MyAccountTest"/>
        <method signature="MyAccountTest.verifyMyAccountHeaderList()[pri:1, instance:com.opencart.testcases.MyAccountTest@747ddf94]" name="verifyMyAccountHeaderList" class="com.opencart.testcases.MyAccountTest"/>
        <method signature="MyAccountTest.verifyMyAccountMenuOptionTest()[pri:2, instance:com.opencart.testcases.MyAccountTest@747ddf94]" name="verifyMyAccountMenuOptionTest" class="com.opencart.testcases.MyAccountTest"/>
      </group> <!-- my account -->
      <group name="homepage">
        <method signature="HomePageTest.navigateToRegistrationPageTest()[pri:4, instance:com.opencart.testcases.HomePageTest@131774fe]" name="navigateToRegistrationPageTest" class="com.opencart.testcases.HomePageTest"/>
        <method signature="HomePageTest.verifyFeaturedCardsCountTest()[pri:3, instance:com.opencart.testcases.HomePageTest@131774fe]" name="verifyFeaturedCardsCountTest" class="com.opencart.testcases.HomePageTest"/>
        <method signature="HomePageTest.verifyOpenCartLogoTest()[pri:1, instance:com.opencart.testcases.HomePageTest@131774fe]" name="verifyOpenCartLogoTest" class="com.opencart.testcases.HomePageTest"/>
      </group> <!-- homepage -->
    </groups>
    <test started-at="2024-11-07T12:33:06 IST" name="Regression Tests" finished-at="2024-11-07T12:33:47 IST" duration-ms="40924">
      <class name="com.opencart.testcases.HomePageTest">
        <test-method is-config="true" signature="setUp(java.lang.String,java.lang.String)[pri:0, instance:com.opencart.testcases.HomePageTest@131774fe]" started-at="2024-11-07T12:33:06 IST" name="setUp" finished-at="2024-11-07T12:33:12 IST" duration-ms="5326" status="PASS">
          <params>
            <param index="0">
              <value>
                <![CDATA[windows]]>
              </value>
            </param>
            <param index="1">
              <value>
                <![CDATA[chrome]]>
              </value>
            </param>
          </params>
          <reporter-output>
          </reporter-output>
        </test-method> <!-- setUp -->
        <test-method is-config="true" signature="beforeClass()[pri:0, instance:com.opencart.testcases.HomePageTest@131774fe]" started-at="2024-11-07T12:33:12 IST" name="beforeClass" finished-at="2024-11-07T12:33:12 IST" duration-ms="36" status="PASS">
          <reporter-output>
          </reporter-output>
        </test-method> <!-- beforeClass -->
        <test-method signature="verifyOpenCartLogoTest()[pri:1, instance:com.opencart.testcases.HomePageTest@131774fe]" started-at="2024-11-07T12:33:12 IST" name="verifyOpenCartLogoTest" description="TC_01_Verifying the opencart logo" finished-at="2024-11-07T12:33:12 IST" duration-ms="79" status="PASS">
          <reporter-output>
          </reporter-output>
        </test-method> <!-- verifyOpenCartLogoTest -->
        <test-method signature="verifyFeaturedCardsCountTest()[pri:3, instance:com.opencart.testcases.HomePageTest@131774fe]" started-at="2024-11-07T12:33:12 IST" name="verifyFeaturedCardsCountTest" description="TC_03_Verifying the featured section cards count" finished-at="2024-11-07T12:33:12 IST" duration-ms="18" status="PASS">
          <reporter-output>
          </reporter-output>
        </test-method> <!-- verifyFeaturedCardsCountTest -->
        <test-method signature="navigateToRegistrationPageTest()[pri:4, instance:com.opencart.testcases.HomePageTest@131774fe]" started-at="2024-11-07T12:33:12 IST" name="navigateToRegistrationPageTest" description="TC_04_navigate to registration page" finished-at="2024-11-07T12:33:12 IST" duration-ms="682" status="PASS">
          <reporter-output>
          </reporter-output>
        </test-method> <!-- navigateToRegistrationPageTest -->
        <test-method is-config="true" signature="tearDown()[pri:0, instance:com.opencart.testcases.HomePageTest@131774fe]" started-at="2024-11-07T12:33:12 IST" name="tearDown" finished-at="2024-11-07T12:33:13 IST" duration-ms="344" status="PASS">
          <reporter-output>
          </reporter-output>
        </test-method> <!-- tearDown -->
      </class> <!-- com.opencart.testcases.HomePageTest -->
      <class name="com.opencart.testcases.ForgotPasswordTest">
        <test-method is-config="true" signature="setUp(java.lang.String,java.lang.String)[pri:0, instance:com.opencart.testcases.ForgotPasswordTest@5b8dfcc1]" started-at="2024-11-07T12:33:35 IST" name="setUp" finished-at="2024-11-07T12:33:37 IST" duration-ms="1798" status="PASS">
          <params>
            <param index="0">
              <value>
                <![CDATA[windows]]>
              </value>
            </param>
            <param index="1">
              <value>
                <![CDATA[chrome]]>
              </value>
            </param>
          </params>
          <reporter-output>
          </reporter-output>
        </test-method> <!-- setUp -->
        <test-method is-config="true" signature="beforeMethod()[pri:0, instance:com.opencart.testcases.ForgotPasswordTest@5b8dfcc1]" started-at="2024-11-07T12:33:37 IST" name="beforeMethod" finished-at="2024-11-07T12:33:37 IST" duration-ms="401" status="PASS">
          <reporter-output>
          </reporter-output>
        </test-method> <!-- beforeMethod -->
        <test-method is-config="true" signature="beforeClass()[pri:0, instance:com.opencart.testcases.ForgotPasswordTest@5b8dfcc1]" started-at="2024-11-07T12:33:37 IST" name="beforeClass" finished-at="2024-11-07T12:33:37 IST" duration-ms="0" status="PASS">
          <reporter-output>
          </reporter-output>
        </test-method> <!-- beforeClass -->
        <test-method signature="verifyForgetPasswordWithRegisteredEmailTest()[pri:1, instance:com.opencart.testcases.ForgotPasswordTest@5b8dfcc1]" started-at="2024-11-07T12:33:37 IST" name="verifyForgetPasswordWithRegisteredEmailTest" description="TC_01_Verify Forget Password Functionality with Registered Email Address" finished-at="2024-11-07T12:33:39 IST" duration-ms="1442" status="PASS">
          <reporter-output>
          </reporter-output>
        </test-method> <!-- verifyForgetPasswordWithRegisteredEmailTest -->
        <test-method is-config="true" signature="afterMethod()[pri:0, instance:com.opencart.testcases.ForgotPasswordTest@5b8dfcc1]" started-at="2024-11-07T12:33:39 IST" name="afterMethod" finished-at="2024-11-07T12:33:39 IST" duration-ms="320" status="PASS">
          <reporter-output>
          </reporter-output>
        </test-method> <!-- afterMethod -->
        <test-method is-config="true" signature="beforeMethod()[pri:0, instance:com.opencart.testcases.ForgotPasswordTest@5b8dfcc1]" started-at="2024-11-07T12:33:39 IST" name="beforeMethod" finished-at="2024-11-07T12:33:40 IST" duration-ms="368" status="PASS">
          <reporter-output>
          </reporter-output>
        </test-method> <!-- beforeMethod -->
        <test-method signature="verifyForgetPasswordWithNon_RegisteredEmailTest()[pri:2, instance:com.opencart.testcases.ForgotPasswordTest@5b8dfcc1]" started-at="2024-11-07T12:33:40 IST" name="verifyForgetPasswordWithNon_RegisteredEmailTest" description="TC_02_Verify Forget Password Functionality with Non-Registered Email Address" finished-at="2024-11-07T12:33:40 IST" duration-ms="748" status="PASS">
          <reporter-output>
          </reporter-output>
        </test-method> <!-- verifyForgetPasswordWithNon_RegisteredEmailTest -->
        <test-method is-config="true" signature="afterMethod()[pri:0, instance:com.opencart.testcases.ForgotPasswordTest@5b8dfcc1]" started-at="2024-11-07T12:33:40 IST" name="afterMethod" finished-at="2024-11-07T12:33:41 IST" duration-ms="290" status="PASS">
          <reporter-output>
          </reporter-output>
        </test-method> <!-- afterMethod -->
        <test-method is-config="true" signature="tearDown()[pri:0, instance:com.opencart.testcases.ForgotPasswordTest@5b8dfcc1]" started-at="2024-11-07T12:33:41 IST" name="tearDown" finished-at="2024-11-07T12:33:41 IST" duration-ms="288" status="PASS">
          <reporter-output>
          </reporter-output>
        </test-method> <!-- tearDown -->
      </class> <!-- com.opencart.testcases.ForgotPasswordTest -->
      <class name="com.opencart.testcases.LoginTest">
        <test-method is-config="true" signature="setUp(java.lang.String,java.lang.String)[pri:0, instance:com.opencart.testcases.LoginTest@6adbc9d]" started-at="2024-11-07T12:33:13 IST" name="setUp" finished-at="2024-11-07T12:33:15 IST" duration-ms="1956" status="PASS">
          <params>
            <param index="0">
              <value>
                <![CDATA[windows]]>
              </value>
            </param>
            <param index="1">
              <value>
                <![CDATA[chrome]]>
              </value>
            </param>
          </params>
          <reporter-output>
          </reporter-output>
        </test-method> <!-- setUp -->
        <test-method is-config="true" signature="beforeClass()[pri:0, instance:com.opencart.testcases.LoginTest@6adbc9d]" started-at="2024-11-07T12:33:15 IST" name="beforeClass" finished-at="2024-11-07T12:33:15 IST" duration-ms="5" status="PASS">
          <reporter-output>
          </reporter-output>
        </test-method> <!-- beforeClass -->
        <test-method signature="verifyLogin()[pri:0, instance:com.opencart.testcases.LoginTest@6adbc9d]" started-at="2024-11-07T12:33:15 IST" name="verifyLogin" description="Tc_01_Verifying login with registered credentials" finished-at="2024-11-07T12:33:16 IST" duration-ms="1190" status="PASS">
          <reporter-output>
          </reporter-output>
        </test-method> <!-- verifyLogin -->
        <test-method is-config="true" signature="tearDown()[pri:0, instance:com.opencart.testcases.LoginTest@6adbc9d]" started-at="2024-11-07T12:33:16 IST" name="tearDown" finished-at="2024-11-07T12:33:16 IST" duration-ms="364" status="PASS">
          <reporter-output>
          </reporter-output>
        </test-method> <!-- tearDown -->
      </class> <!-- com.opencart.testcases.LoginTest -->
      <class name="com.opencart.testcases.LoginDataDrivenTest">
        <test-method is-config="true" signature="setUp(java.lang.String,java.lang.String)[pri:0, instance:com.opencart.testcases.LoginDataDrivenTest@1a482e36]" started-at="2024-11-07T12:33:26 IST" name="setUp" finished-at="2024-11-07T12:33:28 IST" duration-ms="1806" status="PASS">
          <params>
            <param index="0">
              <value>
                <![CDATA[windows]]>
              </value>
            </param>
            <param index="1">
              <value>
                <![CDATA[chrome]]>
              </value>
            </param>
          </params>
          <reporter-output>
          </reporter-output>
        </test-method> <!-- setUp -->
        <test-method signature="verifyLogin(java.lang.String,java.lang.String,java.lang.String,java.lang.String)[pri:0, instance:com.opencart.testcases.LoginDataDrivenTest@1a482e36]" started-at="2024-11-07T12:33:29 IST" name="verifyLogin" data-provider="LoginData" finished-at="2024-11-07T12:33:30 IST" duration-ms="1773" status="PASS">
          <params>
            <param index="0">
              <value>
                <![CDATA[akshayyaraguddi0@gmail.com]]>
              </value>
            </param>
            <param index="1">
              <value>
                <![CDATA[Akshay@27]]>
              </value>
            </param>
            <param index="2">
              <value>
                <![CDATA[Valid]]>
              </value>
            </param>
            <param index="3">
              <value>
                <![CDATA[]]>
              </value>
            </param>
          </params>
          <reporter-output>
          </reporter-output>
        </test-method> <!-- verifyLogin -->
        <test-method signature="verifyLogin(java.lang.String,java.lang.String,java.lang.String,java.lang.String)[pri:0, instance:com.opencart.testcases.LoginDataDrivenTest@1a482e36]" started-at="2024-11-07T12:33:30 IST" name="verifyLogin" data-provider="LoginData" finished-at="2024-11-07T12:33:31 IST" duration-ms="943" status="PASS">
          <params>
            <param index="0">
              <value>
                <![CDATA[monu@sonuu1.com]]>
              </value>
            </param>
            <param index="1">
              <value>
                <![CDATA[Laxmi]]>
              </value>
            </param>
            <param index="2">
              <value>
                <![CDATA[Invalid]]>
              </value>
            </param>
            <param index="3">
              <value>
                <![CDATA[ Warning: No match for E-Mail Address and/or Password.]]>
              </value>
            </param>
          </params>
          <reporter-output>
          </reporter-output>
        </test-method> <!-- verifyLogin -->
        <test-method signature="verifyLogin(java.lang.String,java.lang.String,java.lang.String,java.lang.String)[pri:0, instance:com.opencart.testcases.LoginDataDrivenTest@1a482e36]" started-at="2024-11-07T12:33:31 IST" name="verifyLogin" data-provider="LoginData" finished-at="2024-11-07T12:33:32 IST" duration-ms="914" status="PASS">
          <params>
            <param index="0">
              <value>
                <![CDATA[sonu@monuu1.com]]>
              </value>
            </param>
            <param index="1">
              <value>
                <![CDATA[Lakshmi]]>
              </value>
            </param>
            <param index="2">
              <value>
                <![CDATA[Invalid]]>
              </value>
            </param>
            <param index="3">
              <value>
                <![CDATA[ Warning: No match for E-Mail Address and/or Password.]]>
              </value>
            </param>
          </params>
          <reporter-output>
          </reporter-output>
        </test-method> <!-- verifyLogin -->
        <test-method signature="verifyLogin(java.lang.String,java.lang.String,java.lang.String,java.lang.String)[pri:0, instance:com.opencart.testcases.LoginDataDrivenTest@1a482e36]" started-at="2024-11-07T12:33:32 IST" name="verifyLogin" data-provider="LoginData" finished-at="2024-11-07T12:33:34 IST" duration-ms="1455" status="PASS">
          <params>
            <param index="0">
              <value>
                <![CDATA[akshayyaraguddi1@gmail.com]]>
              </value>
            </param>
            <param index="1">
              <value>
                <![CDATA[Akshay@27]]>
              </value>
            </param>
            <param index="2">
              <value>
                <![CDATA[Valid]]>
              </value>
            </param>
            <param index="3">
              <value>
                <![CDATA[ Warning: No match for E-Mail Address and/or Password.]]>
              </value>
            </param>
          </params>
          <reporter-output>
          </reporter-output>
        </test-method> <!-- verifyLogin -->
        <test-method signature="verifyLogin(java.lang.String,java.lang.String,java.lang.String,java.lang.String)[pri:0, instance:com.opencart.testcases.LoginDataDrivenTest@1a482e36]" started-at="2024-11-07T12:33:34 IST" name="verifyLogin" data-provider="LoginData" finished-at="2024-11-07T12:33:35 IST" duration-ms="1130" status="PASS">
          <params>
            <param index="0">
              <value>
                <![CDATA[poxford@oxford1.com]]>
              </value>
            </param>
            <param index="1">
              <value>
                <![CDATA[test@123]]>
              </value>
            </param>
            <param index="2">
              <value>
                <![CDATA[Invalid]]>
              </value>
            </param>
            <param index="3">
              <value>
                <![CDATA[ Warning: No match for E-Mail Address and/or Password.]]>
              </value>
            </param>
          </params>
          <reporter-output>
          </reporter-output>
        </test-method> <!-- verifyLogin -->
        <test-method is-config="true" signature="tearDown()[pri:0, instance:com.opencart.testcases.LoginDataDrivenTest@1a482e36]" started-at="2024-11-07T12:33:35 IST" name="tearDown" finished-at="2024-11-07T12:33:35 IST" duration-ms="328" status="PASS">
          <reporter-output>
          </reporter-output>
        </test-method> <!-- tearDown -->
      </class> <!-- com.opencart.testcases.LoginDataDrivenTest -->
      <class name="com.opencart.testcases.RegistrationTest">
        <test-method is-config="true" signature="setUp(java.lang.String,java.lang.String)[pri:0, instance:com.opencart.testcases.RegistrationTest@4ec4f3a0]" started-at="2024-11-07T12:33:16 IST" name="setUp" finished-at="2024-11-07T12:33:18 IST" duration-ms="1799" status="PASS">
          <params>
            <param index="0">
              <value>
                <![CDATA[windows]]>
              </value>
            </param>
            <param index="1">
              <value>
                <![CDATA[chrome]]>
              </value>
            </param>
          </params>
          <reporter-output>
          </reporter-output>
        </test-method> <!-- setUp -->
        <test-method is-config="true" signature="beforeClass()[pri:0, instance:com.opencart.testcases.RegistrationTest@4ec4f3a0]" started-at="2024-11-07T12:33:18 IST" name="beforeClass" finished-at="2024-11-07T12:33:18 IST" duration-ms="2" status="PASS">
          <reporter-output>
          </reporter-output>
        </test-method> <!-- beforeClass -->
        <test-method is-config="true" signature="beforeMethod()[pri:0, instance:com.opencart.testcases.RegistrationTest@4ec4f3a0]" started-at="2024-11-07T12:33:18 IST" name="beforeMethod" finished-at="2024-11-07T12:33:19 IST" duration-ms="455" status="PASS">
          <reporter-output>
          </reporter-output>
        </test-method> <!-- beforeMethod -->
        <test-method signature="verifyAccountRegistrationWithEmailId()[pri:1, instance:com.opencart.testcases.RegistrationTest@4ec4f3a0]" started-at="2024-11-07T12:33:19 IST" name="verifyAccountRegistrationWithEmailId" description="TC_01_Verifying the account registration with valid data" finished-at="2024-11-07T12:33:21 IST" duration-ms="2122" status="PASS">
          <reporter-output>
          </reporter-output>
        </test-method> <!-- verifyAccountRegistrationWithEmailId -->
        <test-method is-config="true" signature="beforeMethod()[pri:0, instance:com.opencart.testcases.RegistrationTest@4ec4f3a0]" started-at="2024-11-07T12:33:21 IST" name="beforeMethod" finished-at="2024-11-07T12:33:21 IST" duration-ms="380" status="PASS">
          <reporter-output>
          </reporter-output>
        </test-method> <!-- beforeMethod -->
        <test-method signature="verifyAccountRegistration()[pri:2, instance:com.opencart.testcases.RegistrationTest@4ec4f3a0]" started-at="2024-11-07T12:33:21 IST" name="verifyAccountRegistration" description="TC_02_Verifying the account registration with already used email address" finished-at="2024-11-07T12:33:22 IST" duration-ms="1209" status="PASS">
          <reporter-output>
          </reporter-output>
        </test-method> <!-- verifyAccountRegistration -->
        <test-method is-config="true" signature="beforeMethod()[pri:0, instance:com.opencart.testcases.RegistrationTest@4ec4f3a0]" started-at="2024-11-07T12:33:22 IST" name="beforeMethod" finished-at="2024-11-07T12:33:23 IST" duration-ms="318" status="PASS">
          <reporter-output>
          </reporter-output>
        </test-method> <!-- beforeMethod -->
        <test-method signature="verifyPasswordMismatchErrorMessage()[pri:3, instance:com.opencart.testcases.RegistrationTest@4ec4f3a0]" started-at="2024-11-07T12:33:23 IST" name="verifyPasswordMismatchErrorMessage" description="TC_03_Verify that an error message is displayed when the Password and Confirm Password fields do not match" finished-at="2024-11-07T12:33:24 IST" duration-ms="1119" status="PASS">
          <reporter-output>
          </reporter-output>
        </test-method> <!-- verifyPasswordMismatchErrorMessage -->
        <test-method is-config="true" signature="beforeMethod()[pri:0, instance:com.opencart.testcases.RegistrationTest@4ec4f3a0]" started-at="2024-11-07T12:33:24 IST" name="beforeMethod" finished-at="2024-11-07T12:33:24 IST" duration-ms="296" status="PASS">
          <reporter-output>
          </reporter-output>
        </test-method> <!-- beforeMethod -->
        <test-method signature="verifyPrivacyPolicyNotSelectedErrorMessageTest()[pri:4, instance:com.opencart.testcases.RegistrationTest@4ec4f3a0]" started-at="2024-11-07T12:33:24 IST" name="verifyPrivacyPolicyNotSelectedErrorMessageTest" description="TC_04_Verify that an error message is displayed when the privacy policy checkbox is not selected" finished-at="2024-11-07T12:33:25 IST" duration-ms="999" status="PASS">
          <reporter-output>
          </reporter-output>
        </test-method> <!-- verifyPrivacyPolicyNotSelectedErrorMessageTest -->
        <test-method is-config="true" signature="beforeMethod()[pri:0, instance:com.opencart.testcases.RegistrationTest@4ec4f3a0]" started-at="2024-11-07T12:33:25 IST" name="beforeMethod" finished-at="2024-11-07T12:33:25 IST" duration-ms="306" status="PASS">
          <reporter-output>
          </reporter-output>
        </test-method> <!-- beforeMethod -->
        <test-method signature="verifyPrivacyPolicyPopupDisplayedTest()[pri:5, instance:com.opencart.testcases.RegistrationTest@4ec4f3a0]" started-at="2024-11-07T12:33:25 IST" name="verifyPrivacyPolicyPopupDisplayedTest" description="TC_05_Verify that the Privacy Policy pop-up is displayed when the privacy policy link is clicked" finished-at="2024-11-07T12:33:26 IST" duration-ms="271" status="PASS">
          <reporter-output>
          </reporter-output>
        </test-method> <!-- verifyPrivacyPolicyPopupDisplayedTest -->
        <test-method is-config="true" signature="tearDown()[pri:0, instance:com.opencart.testcases.RegistrationTest@4ec4f3a0]" started-at="2024-11-07T12:33:26 IST" name="tearDown" finished-at="2024-11-07T12:33:26 IST" duration-ms="326" status="PASS">
          <reporter-output>
          </reporter-output>
        </test-method> <!-- tearDown -->
      </class> <!-- com.opencart.testcases.RegistrationTest -->
      <class name="com.opencart.testcases.MyAccountTest">
        <test-method is-config="true" signature="setUp(java.lang.String,java.lang.String)[pri:0, instance:com.opencart.testcases.MyAccountTest@747ddf94]" started-at="2024-11-07T12:33:41 IST" name="setUp" finished-at="2024-11-07T12:33:43 IST" duration-ms="1877" status="PASS">
          <params>
            <param index="0">
              <value>
                <![CDATA[windows]]>
              </value>
            </param>
            <param index="1">
              <value>
                <![CDATA[chrome]]>
              </value>
            </param>
          </params>
          <reporter-output>
          </reporter-output>
        </test-method> <!-- setUp -->
        <test-method is-config="true" signature="beforeClass()[pri:0, instance:com.opencart.testcases.MyAccountTest@747ddf94]" started-at="2024-11-07T12:33:43 IST" name="beforeClass" finished-at="2024-11-07T12:33:44 IST" duration-ms="1088" status="PASS">
          <reporter-output>
          </reporter-output>
        </test-method> <!-- beforeClass -->
        <test-method signature="verifyMyAccountHeaderList()[pri:1, instance:com.opencart.testcases.MyAccountTest@747ddf94]" started-at="2024-11-07T12:33:44 IST" name="verifyMyAccountHeaderList" description="TC_01_Verify My account Header List" finished-at="2024-11-07T12:33:44 IST" duration-ms="116" status="PASS">
          <reporter-output>
          </reporter-output>
        </test-method> <!-- verifyMyAccountHeaderList -->
        <test-method signature="verifyMyAccountMenuOptionTest()[pri:2, instance:com.opencart.testcases.MyAccountTest@747ddf94]" started-at="2024-11-07T12:33:44 IST" name="verifyMyAccountMenuOptionTest" description="TC_02_Verify My account options List" finished-at="2024-11-07T12:33:44 IST" duration-ms="295" status="PASS">
          <reporter-output>
          </reporter-output>
        </test-method> <!-- verifyMyAccountMenuOptionTest -->
        <test-method signature="performProductSearchTest(java.lang.String)[pri:3, instance:com.opencart.testcases.MyAccountTest@747ddf94]" started-at="2024-11-07T12:33:44 IST" name="performProductSearchTest" description="TC_04_Perform the product search" data-provider="productSearchData" finished-at="2024-11-07T12:33:45 IST" duration-ms="832" status="PASS">
          <params>
            <param index="0">
              <value>
                <![CDATA[Samsung]]>
              </value>
            </param>
          </params>
          <reporter-output>
          </reporter-output>
        </test-method> <!-- performProductSearchTest -->
        <test-method signature="performProductSearchTest(java.lang.String)[pri:3, instance:com.opencart.testcases.MyAccountTest@747ddf94]" started-at="2024-11-07T12:33:45 IST" name="performProductSearchTest" description="TC_04_Perform the product search" data-provider="productSearchData" finished-at="2024-11-07T12:33:46 IST" duration-ms="691" status="PASS">
          <params>
            <param index="0">
              <value>
                <![CDATA[Macbook]]>
              </value>
            </param>
          </params>
          <reporter-output>
          </reporter-output>
        </test-method> <!-- performProductSearchTest -->
        <test-method signature="performProductSearchTest(java.lang.String)[pri:3, instance:com.opencart.testcases.MyAccountTest@747ddf94]" started-at="2024-11-07T12:33:46 IST" name="performProductSearchTest" description="TC_04_Perform the product search" data-provider="productSearchData" finished-at="2024-11-07T12:33:47 IST" duration-ms="713" status="PASS">
          <params>
            <param index="0">
              <value>
                <![CDATA[iMac]]>
              </value>
            </param>
          </params>
          <reporter-output>
          </reporter-output>
        </test-method> <!-- performProductSearchTest -->
        <test-method is-config="true" signature="tearDown()[pri:0, instance:com.opencart.testcases.MyAccountTest@747ddf94]" started-at="2024-11-07T12:33:47 IST" name="tearDown" finished-at="2024-11-07T12:33:47 IST" duration-ms="299" status="PASS">
          <reporter-output>
          </reporter-output>
        </test-method> <!-- tearDown -->
      </class> <!-- com.opencart.testcases.MyAccountTest -->
    </test> <!-- Regression Tests -->
  </suite> <!-- Opencart Test Suite -->
</testng-results>
